0 verbose cli /opt/homebrew/Cellar/node/24.8.0/bin/node /opt/homebrew/bin/npm
1 info using npm@11.6.0
2 info using node@v24.8.0
3 silly config load:file:/opt/homebrew/lib/node_modules/npm/npmrc
4 silly config load:file:/Users/dangunderson/dangunderson27/portfolio/.npmrc
5 silly config load:file:/Users/dangunderson/.npmrc
6 silly config load:file:/opt/homebrew/etc/npmrc
7 verbose title npm install
8 verbose argv "install" "--cache" ".npm"
9 verbose logfile logs-max:10 dir:/Users/dangunderson/dangunderson27/portfolio/.npm/_logs/2025-12-17T20_27_07_867Z-
10 verbose logfile /Users/dangunderson/dangunderson27/portfolio/.npm/_logs/2025-12-17T20_27_07_867Z-debug-0.log
11 silly logfile done cleaning log files
12 silly packumentCache heap:4496293888 maxSize:1124073472 maxEntrySize:562036736
13 silly idealTree buildDeps
14 silly fetch manifest next@16.0.7
15 silly packumentCache full:https://registry.npmjs.org/next cache-miss
16 http fetch GET 200 https://registry.npmjs.org/next 672ms (cache miss)
17 silly packumentCache full:https://registry.npmjs.org/next set size:undefined disposed:false
18 silly fetch manifest @opentelemetry/api@^1.1.0
19 silly packumentCache full:https://registry.npmjs.org/@opentelemetry%2fapi cache-miss
20 http fetch GET 200 https://registry.npmjs.org/@opentelemetry%2fapi 107ms (cache miss)
21 silly packumentCache full:https://registry.npmjs.org/@opentelemetry%2fapi set size:undefined disposed:false
22 silly fetch manifest @playwright/test@^1.51.1
23 silly packumentCache full:https://registry.npmjs.org/@playwright%2ftest cache-miss
24 http fetch GET 200 https://registry.npmjs.org/@playwright%2ftest 292ms (cache miss)
25 silly packumentCache full:https://registry.npmjs.org/@playwright%2ftest set size:undefined disposed:false
26 silly fetch manifest babel-plugin-react-compiler@*
27 silly packumentCache full:https://registry.npmjs.org/babel-plugin-react-compiler cache-miss
28 http fetch GET 200 https://registry.npmjs.org/babel-plugin-react-compiler 102ms (cache miss)
29 silly packumentCache full:https://registry.npmjs.org/babel-plugin-react-compiler set size:undefined disposed:false
30 silly fetch manifest react@19.2.0
31 silly packumentCache full:https://registry.npmjs.org/react cache-miss
32 http fetch GET 200 https://registry.npmjs.org/react 314ms (cache miss)
33 silly packumentCache full:https://registry.npmjs.org/react set size:undefined disposed:false
34 silly fetch manifest react-dom@19.2.0
35 silly packumentCache full:https://registry.npmjs.org/react-dom cache-miss
36 http fetch GET 200 https://registry.npmjs.org/react-dom 269ms (cache miss)
37 silly packumentCache full:https://registry.npmjs.org/react-dom set size:undefined disposed:false
38 silly fetch manifest sass@^1.3.0
39 silly packumentCache full:https://registry.npmjs.org/sass cache-miss
40 http fetch GET 200 https://registry.npmjs.org/sass 108ms (cache miss)
41 silly packumentCache full:https://registry.npmjs.org/sass set size:undefined disposed:false
42 silly fetch manifest eslint-config-next@16.0.7
43 silly packumentCache full:https://registry.npmjs.org/eslint-config-next cache-miss
44 http fetch GET 200 https://registry.npmjs.org/eslint-config-next 162ms (cache miss)
45 silly packumentCache full:https://registry.npmjs.org/eslint-config-next set size:undefined disposed:false
46 silly fetch manifest eslint@^9
47 silly packumentCache full:https://registry.npmjs.org/eslint cache-miss
48 http fetch GET 200 https://registry.npmjs.org/eslint 109ms (cache miss)
49 silly packumentCache full:https://registry.npmjs.org/eslint set size:undefined disposed:false
50 silly fetch manifest jiti@*
51 silly packumentCache full:https://registry.npmjs.org/jiti cache-miss
52 http fetch GET 200 https://registry.npmjs.org/jiti 101ms (cache miss)
53 silly packumentCache full:https://registry.npmjs.org/jiti set size:undefined disposed:false
54 silly fetch manifest typescript@^5
55 silly packumentCache full:https://registry.npmjs.org/typescript cache-miss
56 http fetch GET 200 https://registry.npmjs.org/typescript 254ms (cache miss)
57 silly packumentCache full:https://registry.npmjs.org/typescript set size:undefined disposed:false
58 silly placeDep ROOT eslint-config-next@16.0.7 REPLACE for: portfolio@0.1.1 want: 16.0.7
59 silly placeDep ROOT next@16.0.7 REPLACE for: portfolio@0.1.1 want: 16.0.7
60 silly fetch manifest @next/eslint-plugin-next@16.0.7
61 silly packumentCache full:https://registry.npmjs.org/@next%2feslint-plugin-next cache-miss
62 silly fetch manifest @next/env@16.0.7
63 silly packumentCache full:https://registry.npmjs.org/@next%2fenv cache-miss
64 silly fetch manifest @next/swc-darwin-x64@16.0.7
65 silly packumentCache full:https://registry.npmjs.org/@next%2fswc-darwin-x64 cache-miss
66 silly fetch manifest @next/swc-darwin-arm64@16.0.7
67 silly packumentCache full:https://registry.npmjs.org/@next%2fswc-darwin-arm64 cache-miss
68 silly fetch manifest @next/swc-linux-x64-gnu@16.0.7
69 silly packumentCache full:https://registry.npmjs.org/@next%2fswc-linux-x64-gnu cache-miss
70 silly fetch manifest @next/swc-linux-x64-musl@16.0.7
71 silly packumentCache full:https://registry.npmjs.org/@next%2fswc-linux-x64-musl cache-miss
72 silly fetch manifest @next/swc-win32-x64-msvc@16.0.7
73 silly packumentCache full:https://registry.npmjs.org/@next%2fswc-win32-x64-msvc cache-miss
74 silly fetch manifest @next/swc-linux-arm64-gnu@16.0.7
75 silly packumentCache full:https://registry.npmjs.org/@next%2fswc-linux-arm64-gnu cache-miss
76 silly fetch manifest @next/swc-linux-arm64-musl@16.0.7
77 silly packumentCache full:https://registry.npmjs.org/@next%2fswc-linux-arm64-musl cache-miss
78 silly fetch manifest @next/swc-win32-arm64-msvc@16.0.7
79 silly packumentCache full:https://registry.npmjs.org/@next%2fswc-win32-arm64-msvc cache-miss
80 http fetch GET 200 https://registry.npmjs.org/@next%2feslint-plugin-next 260ms (cache miss)
81 silly packumentCache full:https://registry.npmjs.org/@next%2feslint-plugin-next set size:undefined disposed:false
82 http fetch GET 200 https://registry.npmjs.org/@next%2fswc-win32-arm64-msvc 548ms (cache miss)
83 silly packumentCache full:https://registry.npmjs.org/@next%2fswc-win32-arm64-msvc set size:undefined disposed:false
84 http fetch GET 200 https://registry.npmjs.org/@next%2fswc-win32-x64-msvc 568ms (cache miss)
85 silly packumentCache full:https://registry.npmjs.org/@next%2fswc-win32-x64-msvc set size:undefined disposed:false
86 http fetch GET 200 https://registry.npmjs.org/@next%2fswc-linux-arm64-musl 591ms (cache miss)
87 silly packumentCache full:https://registry.npmjs.org/@next%2fswc-linux-arm64-musl set size:undefined disposed:false
88 http fetch GET 200 https://registry.npmjs.org/@next%2fswc-linux-arm64-gnu 646ms (cache miss)
89 silly packumentCache full:https://registry.npmjs.org/@next%2fswc-linux-arm64-gnu set size:undefined disposed:false
90 http fetch GET 200 https://registry.npmjs.org/@next%2fswc-darwin-arm64 659ms (cache miss)
91 silly packumentCache full:https://registry.npmjs.org/@next%2fswc-darwin-arm64 set size:undefined disposed:false
92 http fetch GET 200 https://registry.npmjs.org/@next%2fswc-linux-x64-gnu 670ms (cache miss)
93 silly packumentCache full:https://registry.npmjs.org/@next%2fswc-linux-x64-gnu set size:undefined disposed:false
94 http fetch GET 200 https://registry.npmjs.org/@next%2fenv 681ms (cache miss)
95 silly packumentCache full:https://registry.npmjs.org/@next%2fenv set size:undefined disposed:false
96 http fetch GET 200 https://registry.npmjs.org/@next%2fswc-darwin-x64 696ms (cache miss)
97 silly packumentCache full:https://registry.npmjs.org/@next%2fswc-darwin-x64 set size:undefined disposed:false
98 http fetch GET 200 https://registry.npmjs.org/@next%2fswc-linux-x64-musl 708ms (cache miss)
99 silly packumentCache full:https://registry.npmjs.org/@next%2fswc-linux-x64-musl set size:undefined disposed:false
100 silly placeDep ROOT @next/eslint-plugin-next@16.0.7 OK for: eslint-config-next@16.0.7 want: 16.0.7
101 silly fetch manifest fast-glob@3.3.1
102 silly packumentCache full:https://registry.npmjs.org/fast-glob cache-miss
103 http fetch GET 200 https://registry.npmjs.org/fast-glob 80ms (cache miss)
104 silly packumentCache full:https://registry.npmjs.org/fast-glob set size:undefined disposed:false
105 silly placeDep ROOT fast-glob@3.3.1 OK for: @next/eslint-plugin-next@16.0.7 want: 3.3.1
106 silly fetch manifest glob-parent@^5.1.2
107 silly packumentCache full:https://registry.npmjs.org/glob-parent cache-miss
108 http fetch GET 200 https://registry.npmjs.org/glob-parent 71ms (cache miss)
109 silly packumentCache full:https://registry.npmjs.org/glob-parent set size:undefined disposed:false
110 silly placeDep node_modules/fast-glob glob-parent@5.1.2 OK for: fast-glob@3.3.1 want: ^5.1.2
111 silly placeDep ROOT @next/env@16.0.7 OK for: next@16.0.7 want: 16.0.7
112 silly placeDep ROOT @next/swc-darwin-arm64@16.0.7 OK for: next@16.0.7 want: 16.0.7
113 silly placeDep ROOT @next/swc-darwin-x64@16.0.7 OK for: next@16.0.7 want: 16.0.7
114 silly placeDep ROOT @next/swc-linux-arm64-gnu@16.0.7 OK for: next@16.0.7 want: 16.0.7
115 silly placeDep ROOT @next/swc-linux-arm64-musl@16.0.7 OK for: next@16.0.7 want: 16.0.7
116 silly placeDep ROOT @next/swc-linux-x64-gnu@16.0.7 OK for: next@16.0.7 want: 16.0.7
117 silly placeDep ROOT @next/swc-linux-x64-musl@16.0.7 OK for: next@16.0.7 want: 16.0.7
118 silly placeDep ROOT @next/swc-win32-arm64-msvc@16.0.7 OK for: next@16.0.7 want: 16.0.7
119 silly placeDep ROOT @next/swc-win32-x64-msvc@16.0.7 OK for: next@16.0.7 want: 16.0.7
120 silly reify mark retired [
120 silly reify   '/Users/dangunderson/dangunderson27/portfolio/node_modules/@next/env'
120 silly reify ]
121 silly reify mark retired [
121 silly reify   '/Users/dangunderson/dangunderson27/portfolio/node_modules/@next/eslint-plugin-next'
121 silly reify ]
122 silly reify mark retired [
122 silly reify   '/Users/dangunderson/dangunderson27/portfolio/node_modules/@next/swc-darwin-arm64'
122 silly reify ]
123 silly reify mark retired [
123 silly reify   '/Users/dangunderson/dangunderson27/portfolio/node_modules/@next/swc-darwin-x64'
123 silly reify ]
124 silly reify mark retired [
124 silly reify   '/Users/dangunderson/dangunderson27/portfolio/node_modules/@next/swc-linux-arm64-gnu'
124 silly reify ]
125 silly reify mark retired [
125 silly reify   '/Users/dangunderson/dangunderson27/portfolio/node_modules/@next/swc-linux-arm64-musl'
125 silly reify ]
126 silly reify mark retired [
126 silly reify   '/Users/dangunderson/dangunderson27/portfolio/node_modules/@next/swc-linux-x64-gnu'
126 silly reify ]
127 silly reify mark retired [
127 silly reify   '/Users/dangunderson/dangunderson27/portfolio/node_modules/@next/swc-linux-x64-musl'
127 silly reify ]
128 silly reify mark retired [
128 silly reify   '/Users/dangunderson/dangunderson27/portfolio/node_modules/@next/swc-win32-arm64-msvc'
128 silly reify ]
129 silly reify mark retired [
129 silly reify   '/Users/dangunderson/dangunderson27/portfolio/node_modules/@next/swc-win32-x64-msvc'
129 silly reify ]
130 silly reify mark retired [
130 silly reify   '/Users/dangunderson/dangunderson27/portfolio/node_modules/eslint-config-next'
130 silly reify ]
131 silly reify mark retired [ '/Users/dangunderson/dangunderson27/portfolio/node_modules/gsap' ]
132 silly reify mark retired [
132 silly reify   '/Users/dangunderson/dangunderson27/portfolio/node_modules/next',
132 silly reify   '/Users/dangunderson/dangunderson27/portfolio/node_modules/.bin/next'
132 silly reify ]
133 silly reify moves {
133 silly reify   '/Users/dangunderson/dangunderson27/portfolio/node_modules/@next/env': '/Users/dangunderson/dangunderson27/portfolio/node_modules/@next/.env-2AVEnWKM',
133 silly reify   '/Users/dangunderson/dangunderson27/portfolio/node_modules/@next/eslint-plugin-next': '/Users/dangunderson/dangunderson27/portfolio/node_modules/@next/.eslint-plugin-next-hdRInwKk',
133 silly reify   '/Users/dangunderson/dangunderson27/portfolio/node_modules/@next/swc-darwin-arm64': '/Users/dangunderson/dangunderson27/portfolio/node_modules/@next/.swc-darwin-arm64-ATUqNjYA',
133 silly reify   '/Users/dangunderson/dangunderson27/portfolio/node_modules/@next/swc-darwin-x64': '/Users/dangunderson/dangunderson27/portfolio/node_modules/@next/.swc-darwin-x64-1nYX1gkb',
133 silly reify   '/Users/dangunderson/dangunderson27/portfolio/node_modules/@next/swc-linux-arm64-gnu': '/Users/dangunderson/dangunderson27/portfolio/node_modules/@next/.swc-linux-arm64-gnu-3UZbdQZ1',
133 silly reify   '/Users/dangunderson/dangunderson27/portfolio/node_modules/@next/swc-linux-arm64-musl': '/Users/dangunderson/dangunderson27/portfolio/node_modules/@next/.swc-linux-arm64-musl-ZFYwVk7L',
133 silly reify   '/Users/dangunderson/dangunderson27/portfolio/node_modules/@next/swc-linux-x64-gnu': '/Users/dangunderson/dangunderson27/portfolio/node_modules/@next/.swc-linux-x64-gnu-ouOaISis',
133 silly reify   '/Users/dangunderson/dangunderson27/portfolio/node_modules/@next/swc-linux-x64-musl': '/Users/dangunderson/dangunderson27/portfolio/node_modules/@next/.swc-linux-x64-musl-bLgeaPU7',
133 silly reify   '/Users/dangunderson/dangunderson27/portfolio/node_modules/@next/swc-win32-arm64-msvc': '/Users/dangunderson/dangunderson27/portfolio/node_modules/@next/.swc-win32-arm64-msvc-68ZppGCy',
133 silly reify   '/Users/dangunderson/dangunderson27/portfolio/node_modules/@next/swc-win32-x64-msvc': '/Users/dangunderson/dangunderson27/portfolio/node_modules/@next/.swc-win32-x64-msvc-KZBdKffn',
133 silly reify   '/Users/dangunderson/dangunderson27/portfolio/node_modules/eslint-config-next': '/Users/dangunderson/dangunderson27/portfolio/node_modules/.eslint-config-next-ltDRCkLt',
133 silly reify   '/Users/dangunderson/dangunderson27/portfolio/node_modules/gsap': '/Users/dangunderson/dangunderson27/portfolio/node_modules/.gsap-PAWhKjL7',
133 silly reify   '/Users/dangunderson/dangunderson27/portfolio/node_modules/next': '/Users/dangunderson/dangunderson27/portfolio/node_modules/.next-C8igGV9L',
133 silly reify   '/Users/dangunderson/dangunderson27/portfolio/node_modules/.bin/next': '/Users/dangunderson/dangunderson27/portfolio/node_modules/.bin/.next-bwvcclbk'
133 silly reify }
134 silly audit bulk request {
134 silly audit   '@alloc/quick-lru': [ '5.2.0' ],
134 silly audit   '@babel/code-frame': [ '7.27.1' ],
134 silly audit   '@babel/compat-data': [ '7.28.5' ],
134 silly audit   '@babel/core': [ '7.28.5' ],
134 silly audit   '@babel/generator': [ '7.28.5' ],
134 silly audit   '@babel/helper-compilation-targets': [ '7.27.2' ],
134 silly audit   '@babel/helper-globals': [ '7.28.0' ],
134 silly audit   '@babel/helper-module-imports': [ '7.27.1' ],
134 silly audit   '@babel/helper-module-transforms': [ '7.28.3' ],
134 silly audit   '@babel/helper-string-parser': [ '7.27.1' ],
134 silly audit   '@babel/helper-validator-identifier': [ '7.28.5' ],
134 silly audit   '@babel/helper-validator-option': [ '7.27.1' ],
134 silly audit   '@babel/helpers': [ '7.28.4' ],
134 silly audit   '@babel/parser': [ '7.28.5' ],
134 silly audit   '@babel/template': [ '7.27.2' ],
134 silly audit   '@babel/traverse': [ '7.28.5' ],
134 silly audit   '@babel/types': [ '7.28.5' ],
134 silly audit   '@emnapi/core': [ '1.6.0' ],
134 silly audit   '@emnapi/runtime': [ '1.6.0' ],
134 silly audit   '@emnapi/wasi-threads': [ '1.1.0' ],
134 silly audit   '@eslint-community/eslint-utils': [ '4.9.0' ],
134 silly audit   'eslint-visitor-keys': [ '3.4.3', '4.2.1' ],
134 silly audit   '@eslint-community/regexpp': [ '4.12.2' ],
134 silly audit   '@eslint/config-array': [ '0.21.1' ],
134 silly audit   '@eslint/config-helpers': [ '0.4.1' ],
134 silly audit   '@eslint/core': [ '0.16.0' ],
134 silly audit   '@eslint/eslintrc': [ '3.3.1' ],
134 silly audit   '@eslint/js': [ '9.38.0' ],
134 silly audit   '@eslint/object-schema': [ '2.1.7' ],
134 silly audit   '@eslint/plugin-kit': [ '0.4.0' ],
134 silly audit   '@humanfs/core': [ '0.19.1' ],
134 silly audit   '@humanfs/node': [ '0.16.7' ],
134 silly audit   '@humanwhocodes/module-importer': [ '1.0.1' ],
134 silly audit   '@humanwhocodes/retry': [ '0.4.3' ],
134 silly audit   '@img/colour': [ '1.0.0' ],
134 silly audit   '@img/sharp-darwin-arm64': [ '0.34.4' ],
134 silly audit   '@img/sharp-darwin-x64': [ '0.34.4' ],
134 silly audit   '@img/sharp-libvips-darwin-arm64': [ '1.2.3' ],
134 silly audit   '@img/sharp-libvips-darwin-x64': [ '1.2.3' ],
134 silly audit   '@img/sharp-libvips-linux-arm': [ '1.2.3' ],
134 silly audit   '@img/sharp-libvips-linux-arm64': [ '1.2.3' ],
134 silly audit   '@img/sharp-libvips-linux-ppc64': [ '1.2.3' ],
134 silly audit   '@img/sharp-libvips-linux-s390x': [ '1.2.3' ],
134 silly audit   '@img/sharp-libvips-linux-x64': [ '1.2.3' ],
134 silly audit   '@img/sharp-libvips-linuxmusl-arm64': [ '1.2.3' ],
134 silly audit   '@img/sharp-libvips-linuxmusl-x64': [ '1.2.3' ],
134 silly audit   '@img/sharp-linux-arm': [ '0.34.4' ],
134 silly audit   '@img/sharp-linux-arm64': [ '0.34.4' ],
134 silly audit   '@img/sharp-linux-ppc64': [ '0.34.4' ],
134 silly audit   '@img/sharp-linux-s390x': [ '0.34.4' ],
134 silly audit   '@img/sharp-linux-x64': [ '0.34.4' ],
134 silly audit   '@img/sharp-linuxmusl-arm64': [ '0.34.4' ],
134 silly audit   '@img/sharp-linuxmusl-x64': [ '0.34.4' ],
134 silly audit   '@img/sharp-wasm32': [ '0.34.4' ],
134 silly audit   '@img/sharp-win32-arm64': [ '0.34.4' ],
134 silly audit   '@img/sharp-win32-ia32': [ '0.34.4' ],
134 silly audit   '@img/sharp-win32-x64': [ '0.34.4' ],
134 silly audit   '@jridgewell/gen-mapping': [ '0.3.13' ],
134 silly audit   '@jridgewell/remapping': [ '2.3.5' ],
134 silly audit   '@jridgewell/resolve-uri': [ '3.1.2' ],
134 silly audit   '@jridgewell/sourcemap-codec': [ '1.5.5' ],
134 silly audit   '@jridgewell/trace-mapping': [ '0.3.31' ],
134 silly audit   '@napi-rs/wasm-runtime': [ '0.2.12' ],
134 silly audit   '@nodelib/fs.scandir': [ '2.1.5' ],
134 silly audit   '@nodelib/fs.stat': [ '2.0.5' ],
134 silly audit   '@nodelib/fs.walk': [ '1.2.8' ],
134 silly audit   '@nolyfill/is-core-module': [ '1.0.39' ],
134 silly audit   '@rtsao/scc': [ '1.1.0' ],
134 silly audit   '@swc/helpers': [ '0.5.15' ],
134 silly audit   '@tailwindcss/node': [ '4.1.16' ],
134 silly audit   '@tailwindcss/oxide': [ '4.1.16' ],
134 silly audit   '@tailwindcss/oxide-android-arm64': [ '4.1.16' ],
134 silly audit   '@tailwindcss/oxide-darwin-arm64': [ '4.1.16' ],
134 silly audit   '@tailwindcss/oxide-darwin-x64': [ '4.1.16' ],
134 silly audit   '@tailwindcss/oxide-freebsd-x64': [ '4.1.16' ],
134 silly audit   '@tailwindcss/oxide-linux-arm-gnueabihf': [ '4.1.16' ],
134 silly audit   '@tailwindcss/oxide-linux-arm64-gnu': [ '4.1.16' ],
134 silly audit   '@tailwindcss/oxide-linux-arm64-musl': [ '4.1.16' ],
134 silly audit   '@tailwindcss/oxide-linux-x64-gnu': [ '4.1.16' ],
134 silly audit   '@tailwindcss/oxide-linux-x64-musl': [ '4.1.16' ],
134 silly audit   '@tailwindcss/oxide-wasm32-wasi': [ '4.1.16' ],
134 silly audit   '@tailwindcss/oxide-win32-arm64-msvc': [ '4.1.16' ],
134 silly audit   '@tailwindcss/oxide-win32-x64-msvc': [ '4.1.16' ],
134 silly audit   '@tailwindcss/postcss': [ '4.1.16' ],
134 silly audit   '@tybys/wasm-util': [ '0.10.1' ],
134 silly audit   '@types/debug': [ '4.1.12' ],
134 silly audit   '@types/estree': [ '1.0.8' ],
134 silly audit   '@types/estree-jsx': [ '1.0.5' ],
134 silly audit   '@types/hast': [ '3.0.4' ],
134 silly audit   '@types/json-schema': [ '7.0.15' ],
134 silly audit   '@types/json5': [ '0.0.29' ],
134 silly audit   '@types/mdast': [ '4.0.4' ],
134 silly audit   '@types/ms': [ '2.1.0' ],
134 silly audit   '@types/node': [ '20.19.23' ],
134 silly audit   '@types/react': [ '19.2.2' ],
134 silly audit   '@types/react-dom': [ '19.2.2' ],
134 silly audit   '@types/unist': [ '3.0.3', '2.0.11' ],
134 silly audit   '@typescript-eslint/eslint-plugin': [ '8.46.2' ],
134 silly audit   ignore: [ '7.0.5', '5.3.2' ],
134 silly audit   '@typescript-eslint/parser': [ '8.46.2' ],
134 silly audit   '@typescript-eslint/project-service': [ '8.46.2' ],
134 silly audit   '@typescript-eslint/scope-manager': [ '8.46.2' ],
134 silly audit   '@typescript-eslint/tsconfig-utils': [ '8.46.2' ],
134 silly audit   '@typescript-eslint/type-utils': [ '8.46.2' ],
134 silly audit   '@typescript-eslint/types': [ '8.46.2' ],
134 silly audit   '@typescript-eslint/typescript-estree': [ '8.46.2' ],
134 silly audit   'brace-expansion': [ '2.0.2', '1.1.12' ],
134 silly audit   'fast-glob': [ '3.3.3', '3.3.1' ],
134 silly audit   'glob-parent': [ '5.1.2', '6.0.2' ],
134 silly audit   minimatch: [ '9.0.5', '3.1.2' ],
134 silly audit   semver: [ '7.7.3', '6.3.1' ],
134 silly audit   '@typescript-eslint/utils': [ '8.46.2' ],
134 silly audit   '@typescript-eslint/visitor-keys': [ '8.46.2' ],
134 silly audit   '@ungap/structured-clone': [ '1.3.0' ],
134 silly audit   '@unrs/resolver-binding-android-arm-eabi': [ '1.11.1' ],
134 silly audit   '@unrs/resolver-binding-android-arm64': [ '1.11.1' ],
134 silly audit   '@unrs/resolver-binding-darwin-arm64': [ '1.11.1' ],
134 silly audit   '@unrs/resolver-binding-darwin-x64': [ '1.11.1' ],
134 silly audit   '@unrs/resolver-binding-freebsd-x64': [ '1.11.1' ],
134 silly audit   '@unrs/resolver-binding-linux-arm-gnueabihf': [ '1.11.1' ],
134 silly audit   '@unrs/resolver-binding-linux-arm-musleabihf': [ '1.11.1' ],
134 silly audit   '@unrs/resolver-binding-linux-arm64-gnu': [ '1.11.1' ],
134 silly audit   '@unrs/resolver-binding-linux-arm64-musl': [ '1.11.1' ],
134 silly audit   '@unrs/resolver-binding-linux-ppc64-gnu': [ '1.11.1' ],
134 silly audit   '@unrs/resolver-binding-linux-riscv64-gnu': [ '1.11.1' ],
134 silly audit   '@unrs/resolver-binding-linux-riscv64-musl': [ '1.11.1' ],
134 silly audit   '@unrs/resolver-binding-linux-s390x-gnu': [ '1.11.1' ],
134 silly audit   '@unrs/resolver-binding-linux-x64-gnu': [ '1.11.1' ],
134 silly audit   '@unrs/resolver-binding-linux-x64-musl': [ '1.11.1' ],
134 silly audit   '@unrs/resolver-binding-wasm32-wasi': [ '1.11.1' ],
134 silly audit   '@unrs/resolver-binding-win32-arm64-msvc': [ '1.11.1' ],
134 silly audit   '@unrs/resolver-binding-win32-ia32-msvc': [ '1.11.1' ],
134 silly audit   '@unrs/resolver-binding-win32-x64-msvc': [ '1.11.1' ],
134 silly audit   acorn: [ '8.15.0' ],
134 silly audit   'acorn-jsx': [ '5.3.2' ],
134 silly audit   ajv: [ '6.12.6' ],
134 silly audit   'ansi-styles': [ '4.3.0' ],
134 silly audit   argparse: [ '2.0.1', '1.0.10' ],
134 silly audit   'aria-query': [ '5.3.2' ],
134 silly audit   'array-buffer-byte-length': [ '1.0.2' ],
134 silly audit   'array-includes': [ '3.1.9' ],
134 silly audit   'array.prototype.findlast': [ '1.2.5' ],
134 silly audit   'array.prototype.findlastindex': [ '1.2.6' ],
134 silly audit   'array.prototype.flat': [ '1.3.3' ],
134 silly audit   'array.prototype.flatmap': [ '1.3.3' ],
134 silly audit   'array.prototype.tosorted': [ '1.1.4' ],
134 silly audit   'arraybuffer.prototype.slice': [ '1.0.4' ],
134 silly audit   'ast-types-flow': [ '0.0.8' ],
134 silly audit   'async-function': [ '1.0.0' ],
134 silly audit   'available-typed-arrays': [ '1.0.7' ],
134 silly audit   'axe-core': [ '4.11.0' ],
134 silly audit   'axobject-query': [ '4.1.0' ],
134 silly audit   bail: [ '2.0.2' ],
134 silly audit   'balanced-match': [ '1.0.2' ],
134 silly audit   'baseline-browser-mapping': [ '2.8.20' ],
134 silly audit   braces: [ '3.0.3' ],
134 silly audit   browserslist: [ '4.27.0' ],
134 silly audit   'call-bind': [ '1.0.8' ],
134 silly audit   'call-bind-apply-helpers': [ '1.0.2' ],
134 silly audit   'call-bound': [ '1.0.4' ],
134 silly audit   callsites: [ '3.1.0' ],
134 silly audit   'caniuse-lite': [ '1.0.30001751' ],
134 silly audit   ccount: [ '2.0.1' ],
134 silly audit   chalk: [ '4.1.2' ],
134 silly audit   'character-entities': [ '2.0.2' ],
134 silly audit   'character-entities-html4': [ '2.1.0' ],
134 silly audit   'character-entities-legacy': [ '3.0.0' ],
134 silly audit   'character-reference-invalid': [ '2.0.1' ],
134 silly audit   'client-only': [ '0.0.1' ],
134 silly audit   'color-convert': [ '2.0.1' ],
134 silly audit   'color-name': [ '1.1.4' ],
134 silly audit   'comma-separated-tokens': [ '2.0.3' ],
134 silly audit   'concat-map': [ '0.0.1' ],
134 silly audit   'convert-source-map': [ '2.0.0' ],
134 silly audit   'cross-spawn': [ '7.0.6' ],
134 silly audit   csstype: [ '3.1.3' ],
134 silly audit   'damerau-levenshtein': [ '1.0.8' ],
134 silly audit   'data-view-buffer': [ '1.0.2' ],
134 silly audit   'data-view-byte-length': [ '1.0.2' ],
134 silly audit   'data-view-byte-offset': [ '1.0.1' ],
134 silly audit   debug: [ '4.4.3', '3.2.7' ],
134 silly audit   'decode-named-character-reference': [ '1.2.0' ],
134 silly audit   'deep-is': [ '0.1.4' ],
134 silly audit   'define-data-property': [ '1.1.4' ],
134 silly audit   'define-properties': [ '1.2.1' ],
134 silly audit   dequal: [ '2.0.3' ],
134 silly audit   'detect-libc': [ '2.1.2' ],
134 silly audit   devlop: [ '1.1.0' ],
134 silly audit   doctrine: [ '2.1.0' ],
134 silly audit   'dunder-proto': [ '1.0.1' ],
134 silly audit   'electron-to-chromium': [ '1.5.239' ],
134 silly audit   'emoji-regex': [ '9.2.2' ],
134 silly audit   'enhanced-resolve': [ '5.18.3' ],
134 silly audit   'es-abstract': [ '1.24.0' ],
134 silly audit   'es-define-property': [ '1.0.1' ],
134 silly audit   'es-errors': [ '1.3.0' ],
134 silly audit   'es-iterator-helpers': [ '1.2.1' ],
134 silly audit   'es-object-atoms': [ '1.1.1' ],
134 silly audit   'es-set-tostringtag': [ '2.1.0' ],
134 silly audit   'es-shim-unscopables': [ '1.1.0' ],
134 silly audit   'es-to-primitive': [ '1.3.0' ],
134 silly audit   escalade: [ '3.2.0' ],
134 silly audit   'escape-string-regexp': [ '4.0.0', '5.0.0' ],
134 silly audit   eslint: [ '9.38.0' ],
134 silly audit   globals: [ '14.0.0', '16.4.0' ],
134 silly audit   'eslint-import-resolver-node': [ '0.3.9' ],
134 silly audit   'eslint-import-resolver-typescript': [ '3.10.1' ],
134 silly audit   'eslint-module-utils': [ '2.12.1' ],
134 silly audit   'eslint-plugin-import': [ '2.32.0' ],
134 silly audit   'eslint-plugin-jsx-a11y': [ '6.10.2' ],
134 silly audit   'eslint-plugin-react': [ '7.37.5' ],
134 silly audit   'eslint-plugin-react-hooks': [ '7.0.0' ],
134 silly audit   resolve: [ '2.0.0-next.5', '1.22.11' ],
134 silly audit   'eslint-scope': [ '8.4.0' ],
134 silly audit   espree: [ '10.4.0' ],
134 silly audit   esprima: [ '4.0.1' ],
134 silly audit   esquery: [ '1.6.0' ],
134 silly audit   esrecurse: [ '4.3.0' ],
134 silly audit   estraverse: [ '5.3.0' ],
134 silly audit   'estree-util-is-identifier-name': [ '3.0.0' ],
134 silly audit   esutils: [ '2.0.3' ],
134 silly audit   extend: [ '3.0.2' ],
134 silly audit   'extend-shallow': [ '2.0.1' ],
134 silly audit   'fast-deep-equal': [ '3.1.3' ],
134 silly audit   'fast-json-stable-stringify': [ '2.1.0' ],
134 silly audit   'fast-levenshtein': [ '2.0.6' ],
134 silly audit   fastq: [ '1.19.1' ],
134 silly audit   'file-entry-cache': [ '8.0.0' ],
134 silly audit   'fill-range': [ '7.1.1' ],
134 silly audit   'find-up': [ '5.0.0' ],
134 silly audit   'flat-cache': [ '4.0.1' ],
134 silly audit   flatted: [ '3.3.3' ],
134 silly audit   'for-each': [ '0.3.5' ],
134 silly audit   'framer-motion': [ '12.23.26' ],
134 silly audit   'function-bind': [ '1.1.2' ],
134 silly audit   'function.prototype.name': [ '1.1.8' ],
134 silly audit   'functions-have-names': [ '1.2.3' ],
134 silly audit   'generator-function': [ '2.0.1' ],
134 silly audit   gensync: [ '1.0.0-beta.2' ],
134 silly audit   'get-intrinsic': [ '1.3.0' ],
134 silly audit   'get-proto': [ '1.0.1' ],
134 silly audit   'get-symbol-description': [ '1.1.0' ],
134 silly audit   'get-tsconfig': [ '4.13.0' ],
134 silly audit   globalthis: [ '1.0.4' ],
134 silly audit   gopd: [ '1.2.0' ],
134 silly audit   'graceful-fs': [ '4.2.11' ],
134 silly audit   graphemer: [ '1.4.0' ],
134 silly audit   'gray-matter': [ '4.0.3' ],
134 silly audit   'js-yaml': [ '3.14.2', '4.1.0' ],
134 silly audit   'has-bigints': [ '1.1.0' ],
134 silly audit   'has-flag': [ '4.0.0' ],
134 silly audit   'has-property-descriptors': [ '1.0.2' ],
134 silly audit   'has-proto': [ '1.2.0' ],
134 silly audit   'has-symbols': [ '1.1.0' ],
134 silly audit   'has-tostringtag': [ '1.0.2' ],
134 silly audit   hasown: [ '2.0.2' ],
134 silly audit   'hast-util-to-jsx-runtime': [ '2.3.6' ],
134 silly audit   'hast-util-whitespace': [ '3.0.0' ],
134 silly audit   'hermes-estree': [ '0.25.1' ],
134 silly audit   'hermes-parser': [ '0.25.1' ],
134 silly audit   'html-url-attributes': [ '3.0.1' ],
134 silly audit   'import-fresh': [ '3.3.1' ],
134 silly audit   imurmurhash: [ '0.1.4' ],
134 silly audit   'inline-style-parser': [ '0.2.4' ],
134 silly audit   'internal-slot': [ '1.1.0' ],
134 silly audit   'is-alphabetical': [ '2.0.1' ],
134 silly audit   'is-alphanumerical': [ '2.0.1' ],
134 silly audit   'is-array-buffer': [ '3.0.5' ],
134 silly audit   'is-async-function': [ '2.1.1' ],
134 silly audit   'is-bigint': [ '1.1.0' ],
134 silly audit   'is-boolean-object': [ '1.2.2' ],
134 silly audit   'is-bun-module': [ '2.0.0' ],
134 silly audit   'is-callable': [ '1.2.7' ],
134 silly audit   'is-core-module': [ '2.16.1' ],
134 silly audit   'is-data-view': [ '1.0.2' ],
134 silly audit   'is-date-object': [ '1.1.0' ],
134 silly audit   'is-decimal': [ '2.0.1' ],
134 silly audit   'is-extendable': [ '0.1.1' ],
134 silly audit   'is-extglob': [ '2.1.1' ],
134 silly audit   'is-finalizationregistry': [ '1.1.1' ],
134 silly audit   'is-generator-function': [ '1.1.2' ],
134 silly audit   'is-glob': [ '4.0.3' ],
134 silly audit   'is-hexadecimal': [ '2.0.1' ],
134 silly audit   'is-map': [ '2.0.3' ],
134 silly audit   'is-negative-zero': [ '2.0.3' ],
134 silly audit   'is-number': [ '7.0.0' ],
134 silly audit   'is-number-object': [ '1.1.1' ],
134 silly audit   'is-plain-obj': [ '4.1.0' ],
134 silly audit   'is-regex': [ '1.2.1' ],
134 silly audit   'is-set': [ '2.0.3' ],
134 silly audit   'is-shared-array-buffer': [ '1.0.4' ],
134 silly audit   'is-string': [ '1.1.1' ],
134 silly audit   'is-symbol': [ '1.1.1' ],
134 silly audit   'is-typed-array': [ '1.1.15' ],
134 silly audit   'is-weakmap': [ '2.0.2' ],
134 silly audit   'is-weakref': [ '1.1.1' ],
134 silly audit   'is-weakset': [ '2.0.4' ],
134 silly audit   isarray: [ '2.0.5' ],
134 silly audit   isexe: [ '2.0.0' ],
134 silly audit   'iterator.prototype': [ '1.1.5' ],
134 silly audit   jiti: [ '2.6.1' ],
134 silly audit   'js-tokens': [ '4.0.0' ],
134 silly audit   jsesc: [ '3.1.0' ],
134 silly audit   'json-buffer': [ '3.0.1' ],
134 silly audit   'json-schema-traverse': [ '0.4.1' ],
134 silly audit   'json-stable-stringify-without-jsonify': [ '1.0.1' ],
134 silly audit   json5: [ '2.2.3', '1.0.2' ],
134 silly audit   'jsx-ast-utils': [ '3.3.5' ],
134 silly audit   keyv: [ '4.5.4' ],
134 silly audit   'kind-of': [ '6.0.3' ],
134 silly audit   'language-subtag-registry': [ '0.3.23' ],
134 silly audit   'language-tags': [ '1.0.9' ],
134 silly audit   levn: [ '0.4.1' ],
134 silly audit   lightningcss: [ '1.30.2' ],
134 silly audit   'lightningcss-android-arm64': [ '1.30.2' ],
134 silly audit   'lightningcss-darwin-arm64': [ '1.30.2' ],
134 silly audit   'lightningcss-darwin-x64': [ '1.30.2' ],
134 silly audit   'lightningcss-freebsd-x64': [ '1.30.2' ],
134 silly audit   'lightningcss-linux-arm-gnueabihf': [ '1.30.2' ],
134 silly audit   'lightningcss-linux-arm64-gnu': [ '1.30.2' ],
134 silly audit   'lightningcss-linux-arm64-musl': [ '1.30.2' ],
134 silly audit   'lightningcss-linux-x64-gnu': [ '1.30.2' ],
134 silly audit   'lightningcss-linux-x64-musl': [ '1.30.2' ],
134 silly audit   'lightningcss-win32-arm64-msvc': [ '1.30.2' ],
134 silly audit   'lightningcss-win32-x64-msvc': [ '1.30.2' ],
134 silly audit   'locate-path': [ '6.0.0' ],
134 silly audit   'lodash.merge': [ '4.6.2' ],
134 silly audit   'longest-streak': [ '3.1.0' ],
134 silly audit   'loose-envify': [ '1.4.0' ],
134 silly audit   'lru-cache': [ '5.1.1' ],
134 silly audit   'magic-string': [ '0.30.19' ],
134 silly audit   'markdown-table': [ '3.0.4' ],
134 silly audit   'math-intrinsics': [ '1.1.0' ],
134 silly audit   'mdast-util-find-and-replace': [ '3.0.2' ],
134 silly audit   'mdast-util-from-markdown': [ '2.0.2' ],
134 silly audit   'mdast-util-gfm': [ '3.1.0' ],
134 silly audit   'mdast-util-gfm-autolink-literal': [ '2.0.1' ],
134 silly audit   'mdast-util-gfm-footnote': [ '2.1.0' ],
134 silly audit   'mdast-util-gfm-strikethrough': [ '2.0.0' ],
134 silly audit   'mdast-util-gfm-table': [ '2.0.0' ],
134 silly audit   'mdast-util-gfm-task-list-item': [ '2.0.0' ],
134 silly audit   'mdast-util-mdx-expression': [ '2.0.1' ],
134 silly audit   'mdast-util-mdx-jsx': [ '3.2.0' ],
134 silly audit   'mdast-util-mdxjs-esm': [ '2.0.1' ],
134 silly audit   'mdast-util-phrasing': [ '4.1.0' ],
134 silly audit   'mdast-util-to-hast': [ '13.2.0' ],
134 silly audit   'mdast-util-to-markdown': [ '2.1.2' ],
134 silly audit   'mdast-util-to-string': [ '4.0.0' ],
134 silly audit   merge2: [ '1.4.1' ],
134 silly audit   micromark: [ '4.0.2' ],
134 silly audit   'micromark-core-commonmark': [ '2.0.3' ],
134 silly audit   'micromark-extension-gfm': [ '3.0.0' ],
134 silly audit   'micromark-extension-gfm-autolink-literal': [ '2.1.0' ],
134 silly audit   'micromark-extension-gfm-footnote': [ '2.1.0' ],
134 silly audit   'micromark-extension-gfm-strikethrough': [ '2.1.0' ],
134 silly audit   'micromark-extension-gfm-table': [ '2.1.1' ],
134 silly audit   'micromark-extension-gfm-tagfilter': [ '2.0.0' ],
134 silly audit   'micromark-extension-gfm-task-list-item': [ '2.1.0' ],
134 silly audit   'micromark-factory-destination': [ '2.0.1' ],
134 silly audit   'micromark-factory-label': [ '2.0.1' ],
134 silly audit   'micromark-factory-space': [ '2.0.1' ],
134 silly audit   'micromark-factory-title': [ '2.0.1' ],
134 silly audit   'micromark-factory-whitespace': [ '2.0.1' ],
134 silly audit   'micromark-util-character': [ '2.1.1' ],
134 silly audit   'micromark-util-chunked': [ '2.0.1' ],
134 silly audit   'micromark-util-classify-character': [ '2.0.1' ],
134 silly audit   'micromark-util-combine-extensions': [ '2.0.1' ],
134 silly audit   'micromark-util-decode-numeric-character-reference': [ '2.0.2' ],
134 silly audit   'micromark-util-decode-string': [ '2.0.1' ],
134 silly audit   'micromark-util-encode': [ '2.0.1' ],
134 silly audit   'micromark-util-html-tag-name': [ '2.0.1' ],
134 silly audit   'micromark-util-normalize-identifier': [ '2.0.1' ],
134 silly audit   'micromark-util-resolve-all': [ '2.0.1' ],
134 silly audit   'micromark-util-sanitize-uri': [ '2.0.1' ],
134 silly audit   'micromark-util-subtokenize': [ '2.1.0' ],
134 silly audit   'micromark-util-symbol': [ '2.0.1' ],
134 silly audit   'micromark-util-types': [ '2.0.2' ],
134 silly audit   micromatch: [ '4.0.8' ],
134 silly audit   minimist: [ '1.2.8' ],
134 silly audit   'motion-dom': [ '12.23.23' ],
134 silly audit   'motion-utils': [ '12.23.6' ],
134 silly audit   ms: [ '2.1.3' ],
134 silly audit   nanoid: [ '3.3.11' ],
134 silly audit   'napi-postinstall': [ '0.3.4' ],
134 silly audit   'natural-compare': [ '1.4.0' ],
134 silly audit   postcss: [ '8.5.6', '8.4.31' ],
134 silly audit   'node-releases': [ '2.0.26' ],
134 silly audit   'object-assign': [ '4.1.1' ],
134 silly audit   'object-inspect': [ '1.13.4' ],
134 silly audit   'object-keys': [ '1.1.1' ],
134 silly audit   'object.assign': [ '4.1.7' ],
134 silly audit   'object.entries': [ '1.1.9' ],
134 silly audit   'object.fromentries': [ '2.0.8' ],
134 silly audit   'object.groupby': [ '1.0.3' ],
134 silly audit   'object.values': [ '1.2.1' ],
134 silly audit   optionator: [ '0.9.4' ],
134 silly audit   'own-keys': [ '1.0.1' ],
134 silly audit   'p-limit': [ '3.1.0' ],
134 silly audit   'p-locate': [ '5.0.0' ],
134 silly audit   'parent-module': [ '1.0.1' ],
134 silly audit   'parse-entities': [ '4.0.2' ],
134 silly audit   'path-exists': [ '4.0.0' ],
134 silly audit   'path-key': [ '3.1.1' ],
134 silly audit   'path-parse': [ '1.0.7' ],
134 silly audit   picocolors: [ '1.1.1' ],
134 silly audit   picomatch: [ '2.3.1', '4.0.3' ],
134 silly audit   'possible-typed-array-names': [ '1.1.0' ],
134 silly audit   'prelude-ls': [ '1.2.1' ],
134 silly audit   'prop-types': [ '15.8.1' ],
134 silly audit   'property-information': [ '7.1.0' ],
134 silly audit   punycode: [ '2.3.1' ],
134 silly audit   'queue-microtask': [ '1.2.3' ],
134 silly audit   react: [ '19.2.0' ],
134 silly audit   'react-dom': [ '19.2.0' ],
134 silly audit   'react-is': [ '16.13.1' ],
134 silly audit   'react-markdown': [ '10.1.0' ],
134 silly audit   'reflect.getprototypeof': [ '1.0.10' ],
134 silly audit   'regexp.prototype.flags': [ '1.5.4' ],
134 silly audit   'remark-gfm': [ '4.0.1' ],
134 silly audit   'remark-parse': [ '11.0.0' ],
134 silly audit   'remark-rehype': [ '11.1.2' ],
134 silly audit   'remark-stringify': [ '11.0.0' ],
134 silly audit   'resolve-from': [ '4.0.0' ],
134 silly audit   'resolve-pkg-maps': [ '1.0.0' ],
134 silly audit   reusify: [ '1.1.0' ],
134 silly audit   'run-parallel': [ '1.2.0' ],
134 silly audit   'safe-array-concat': [ '1.1.3' ],
134 silly audit   'safe-push-apply': [ '1.0.0' ],
134 silly audit   'safe-regex-test': [ '1.1.0' ],
134 silly audit   scheduler: [ '0.27.0' ],
134 silly audit   'section-matter': [ '1.0.0' ],
134 silly audit   'set-function-length': [ '1.2.2' ],
134 silly audit   'set-function-name': [ '2.0.2' ],
134 silly audit   'set-proto': [ '1.0.0' ],
134 silly audit   sharp: [ '0.34.4' ],
134 silly audit   'shebang-command': [ '2.0.0' ],
134 silly audit   'shebang-regex': [ '3.0.0' ],
134 silly audit   'side-channel': [ '1.1.0' ],
134 silly audit   'side-channel-list': [ '1.0.0' ],
134 silly audit   'side-channel-map': [ '1.0.1' ],
134 silly audit   'side-channel-weakmap': [ '1.0.2' ],
134 silly audit   'source-map-js': [ '1.2.1' ],
134 silly audit   'space-separated-tokens': [ '2.0.2' ],
134 silly audit   'sprintf-js': [ '1.0.3' ],
134 silly audit   'stable-hash': [ '0.0.5' ],
134 silly audit   'stop-iteration-iterator': [ '1.1.0' ],
134 silly audit   'string.prototype.includes': [ '2.0.1' ],
134 silly audit   'string.prototype.matchall': [ '4.0.12' ],
134 silly audit   'string.prototype.repeat': [ '1.0.0' ],
134 silly audit   'string.prototype.trim': [ '1.2.10' ],
134 silly audit   'string.prototype.trimend': [ '1.0.9' ],
134 silly audit   'string.prototype.trimstart': [ '1.0.8' ],
134 silly audit   'stringify-entities': [ '4.0.4' ],
134 silly audit   'strip-bom': [ '3.0.0' ],
134 silly audit   'strip-bom-string': [ '1.0.0' ],
134 silly audit   'strip-json-comments': [ '3.1.1' ],
134 silly audit   'style-to-js': [ '1.1.18' ],
134 silly audit   'style-to-object': [ '1.0.11' ],
134 silly audit   'styled-jsx': [ '5.1.6' ],
134 silly audit   'supports-color': [ '7.2.0' ],
134 silly audit   'supports-preserve-symlinks-flag': [ '1.0.0' ],
134 silly audit   tailwindcss: [ '4.1.16' ],
134 silly audit   tapable: [ '2.3.0' ],
134 silly audit   tinyglobby: [ '0.2.15' ],
134 silly audit   fdir: [ '6.5.0' ],
134 silly audit   'to-regex-range': [ '5.0.1' ],
134 silly audit   'trim-lines': [ '3.0.1' ],
134 silly audit   trough: [ '2.2.0' ],
134 silly audit   'ts-api-utils': [ '2.1.0' ],
134 silly audit   'tsconfig-paths': [ '3.15.0' ],
134 silly audit   tslib: [ '2.8.1' ],
134 silly audit   'type-check': [ '0.4.0' ],
134 silly audit   'typed-array-buffer': [ '1.0.3' ],
134 silly audit   'typed-array-byte-length': [ '1.0.3' ],
134 silly audit   'typed-array-byte-offset': [ '1.0.4' ],
134 silly audit   'typed-array-length': [ '1.0.7' ],
134 silly audit   typescript: [ '5.9.3' ],
134 silly audit   'typescript-eslint': [ '8.46.2' ],
134 silly audit   'unbox-primitive': [ '1.1.0' ],
134 silly audit   'undici-types': [ '6.21.0' ],
134 silly audit   unified: [ '11.0.5' ],
134 silly audit   'unist-util-is': [ '6.0.1' ],
134 silly audit   'unist-util-position': [ '5.0.0' ],
134 silly audit   'unist-util-stringify-position': [ '4.0.0' ],
134 silly audit   'unist-util-visit': [ '5.0.0' ],
134 silly audit   'unist-util-visit-parents': [ '6.0.2' ],
134 silly audit   'unrs-resolver': [ '1.11.1' ],
134 silly audit   'update-browserslist-db': [ '1.1.4' ],
134 silly audit   'uri-js': [ '4.4.1' ],
134 silly audit   vfile: [ '6.0.3' ],
134 silly audit   'vfile-message': [ '4.0.3' ],
134 silly audit   which: [ '2.0.2' ],
134 silly audit   'which-boxed-primitive': [ '1.1.1' ],
134 silly audit   'which-builtin-type': [ '1.2.1' ],
134 silly audit   'which-collection': [ '1.0.2' ],
134 silly audit   'which-typed-array': [ '1.1.19' ],
134 silly audit   'word-wrap': [ '1.2.5' ],
134 silly audit   yallist: [ '3.1.1' ],
134 silly audit   'yocto-queue': [ '0.1.0' ],
134 silly audit   zod: [ '4.1.12' ],
134 silly audit   'zod-validation-error': [ '4.0.2' ],
134 silly audit   zwitch: [ '2.0.4' ],
134 silly audit   'eslint-config-next': [ '16.0.7' ],
134 silly audit   next: [ '16.0.7' ],
134 silly audit   '@next/eslint-plugin-next': [ '16.0.7' ],
134 silly audit   '@next/env': [ '16.0.7' ],
134 silly audit   '@next/swc-darwin-arm64': [ '16.0.7' ],
134 silly audit   '@next/swc-darwin-x64': [ '16.0.7' ],
134 silly audit   '@next/swc-linux-arm64-gnu': [ '16.0.7' ],
134 silly audit   '@next/swc-linux-arm64-musl': [ '16.0.7' ],
134 silly audit   '@next/swc-linux-x64-gnu': [ '16.0.7' ],
134 silly audit   '@next/swc-linux-x64-musl': [ '16.0.7' ],
134 silly audit   '@next/swc-win32-arm64-msvc': [ '16.0.7' ],
134 silly audit   '@next/swc-win32-x64-msvc': [ '16.0.7' ]
134 silly audit }
135 verbose reify failed optional dependency /Users/dangunderson/dangunderson27/portfolio/node_modules/@next/swc-win32-x64-msvc
136 silly reify mark deleted [
136 silly reify   '/Users/dangunderson/dangunderson27/portfolio/node_modules/@next/swc-win32-x64-msvc'
136 silly reify ]
137 verbose reify failed optional dependency /Users/dangunderson/dangunderson27/portfolio/node_modules/@next/swc-win32-arm64-msvc
138 silly reify mark deleted [
138 silly reify   '/Users/dangunderson/dangunderson27/portfolio/node_modules/@next/swc-win32-arm64-msvc'
138 silly reify ]
139 verbose reify failed optional dependency /Users/dangunderson/dangunderson27/portfolio/node_modules/@next/swc-linux-x64-musl
140 silly reify mark deleted [
140 silly reify   '/Users/dangunderson/dangunderson27/portfolio/node_modules/@next/swc-linux-x64-musl'
140 silly reify ]
141 verbose reify failed optional dependency /Users/dangunderson/dangunderson27/portfolio/node_modules/@next/swc-linux-x64-gnu
142 silly reify mark deleted [
142 silly reify   '/Users/dangunderson/dangunderson27/portfolio/node_modules/@next/swc-linux-x64-gnu'
142 silly reify ]
143 verbose reify failed optional dependency /Users/dangunderson/dangunderson27/portfolio/node_modules/@next/swc-linux-arm64-musl
144 silly reify mark deleted [
144 silly reify   '/Users/dangunderson/dangunderson27/portfolio/node_modules/@next/swc-linux-arm64-musl'
144 silly reify ]
145 verbose reify failed optional dependency /Users/dangunderson/dangunderson27/portfolio/node_modules/@next/swc-linux-arm64-gnu
146 silly reify mark deleted [
146 silly reify   '/Users/dangunderson/dangunderson27/portfolio/node_modules/@next/swc-linux-arm64-gnu'
146 silly reify ]
147 verbose reify failed optional dependency /Users/dangunderson/dangunderson27/portfolio/node_modules/@next/swc-darwin-x64
148 silly reify mark deleted [
148 silly reify   '/Users/dangunderson/dangunderson27/portfolio/node_modules/@next/swc-darwin-x64'
148 silly reify ]
149 http cache next@https://registry.npmjs.org/next/-/next-16.0.7.tgz 0ms (cache hit)
150 http cache eslint-config-next@https://registry.npmjs.org/eslint-config-next/-/eslint-config-next-16.0.7.tgz 0ms (cache hit)
151 http cache @next/env@https://registry.npmjs.org/@next/env/-/env-16.0.7.tgz 0ms (cache hit)
152 http cache @next/swc-darwin-arm64@https://registry.npmjs.org/@next/swc-darwin-arm64/-/swc-darwin-arm64-16.0.7.tgz 0ms (cache hit)
153 silly tarball no local data for next@https://registry.npmjs.org/next/-/next-16.0.7.tgz. Extracting by manifest.
154 silly tarball no local data for eslint-config-next@https://registry.npmjs.org/eslint-config-next/-/eslint-config-next-16.0.7.tgz. Extracting by manifest.
155 silly tarball no local data for @next/env@https://registry.npmjs.org/@next/env/-/env-16.0.7.tgz. Extracting by manifest.
156 silly tarball no local data for @next/swc-darwin-arm64@https://registry.npmjs.org/@next/swc-darwin-arm64/-/swc-darwin-arm64-16.0.7.tgz. Extracting by manifest.
157 http cache @next/eslint-plugin-next@https://registry.npmjs.org/@next/eslint-plugin-next/-/eslint-plugin-next-16.0.7.tgz 0ms (cache hit)
158 silly tarball no local data for @next/eslint-plugin-next@https://registry.npmjs.org/@next/eslint-plugin-next/-/eslint-plugin-next-16.0.7.tgz. Extracting by manifest.
159 http fetch GET 200 https://registry.npmjs.org/eslint-config-next/-/eslint-config-next-16.0.7.tgz 91ms (cache miss)
160 http fetch GET 200 https://registry.npmjs.org/@next/env/-/env-16.0.7.tgz 93ms (cache miss)
161 http fetch GET 200 https://registry.npmjs.org/@next/eslint-plugin-next/-/eslint-plugin-next-16.0.7.tgz 106ms (cache miss)
162 http fetch POST 200 https://registry.npmjs.org/-/npm/v1/security/advisories/bulk 152ms
163 silly audit report {
163 silly audit report   'js-yaml': [
163 silly audit report     {
163 silly audit report       id: 1109802,
163 silly audit report       url: 'https://github.com/advisories/GHSA-mh29-5h37-fv8m',
163 silly audit report       title: 'js-yaml has prototype pollution in merge (<<)',
163 silly audit report       severity: 'moderate',
163 silly audit report       vulnerable_versions: '>=4.0.0 <4.1.1',
163 silly audit report       cwe: [Array],
163 silly audit report       cvss: [Object]
163 silly audit report     }
163 silly audit report   ],
163 silly audit report   'mdast-util-to-hast': [
163 silly audit report     {
163 silly audit report       id: 1111093,
163 silly audit report       url: 'https://github.com/advisories/GHSA-4fh9-h7wg-q85m',
163 silly audit report       title: 'mdast-util-to-hast has unsanitized class attribute',
163 silly audit report       severity: 'moderate',
163 silly audit report       vulnerable_versions: '>=13.0.0 <13.2.1',
163 silly audit report       cwe: [Array],
163 silly audit report       cvss: [Object]
163 silly audit report     }
163 silly audit report   ],
163 silly audit report   next: [
163 silly audit report     {
163 silly audit report       id: 1111374,
163 silly audit report       url: 'https://github.com/advisories/GHSA-w37m-7fhw-fmv9',
163 silly audit report       title: 'Next Server Actions Source Code Exposure ',
163 silly audit report       severity: 'moderate',
163 silly audit report       vulnerable_versions: '>=16.0.0-beta.0 <16.0.9',
163 silly audit report       cwe: [Array],
163 silly audit report       cvss: [Object]
163 silly audit report     },
163 silly audit report     {
163 silly audit report       id: 1111383,
163 silly audit report       url: 'https://github.com/advisories/GHSA-mwv6-3258-q52c',
163 silly audit report       title: 'Next Vulnerable to Denial of Service with Server Components',
163 silly audit report       severity: 'high',
163 silly audit report       vulnerable_versions: '>=16.0.0-beta.0 <16.0.9',
163 silly audit report       cwe: [Array],
163 silly audit report       cvss: [Object]
163 silly audit report     }
163 silly audit report   ]
163 silly audit report }
164 silly packumentCache corgi:https://registry.npmjs.org/js-yaml cache-miss
165 silly packumentCache corgi:https://registry.npmjs.org/mdast-util-to-hast cache-miss
166 silly packumentCache corgi:https://registry.npmjs.org/next cache-miss
167 http fetch GET 200 https://registry.npmjs.org/js-yaml 167ms (cache miss)
168 silly packumentCache corgi:https://registry.npmjs.org/js-yaml set size:undefined disposed:false
169 http fetch GET 200 https://registry.npmjs.org/mdast-util-to-hast 168ms (cache miss)
170 silly packumentCache corgi:https://registry.npmjs.org/mdast-util-to-hast set size:undefined disposed:false
171 http fetch GET 200 https://registry.npmjs.org/next 734ms (cache miss)
172 silly packumentCache corgi:https://registry.npmjs.org/next set size:undefined disposed:false
173 silly packumentCache corgi:https://registry.npmjs.org/@eslint%2feslintrc cache-miss
174 http fetch GET 200 https://registry.npmjs.org/@eslint%2feslintrc 169ms (cache miss)
175 silly packumentCache corgi:https://registry.npmjs.org/@eslint%2feslintrc set size:undefined disposed:false
176 silly packumentCache corgi:https://registry.npmjs.org/react-markdown cache-miss
177 silly packumentCache corgi:https://registry.npmjs.org/remark-rehype cache-miss
178 http fetch GET 200 https://registry.npmjs.org/remark-rehype 70ms (cache miss)
179 silly packumentCache corgi:https://registry.npmjs.org/remark-rehype set size:undefined disposed:false
180 http fetch GET 200 https://registry.npmjs.org/react-markdown 98ms (cache miss)
181 silly packumentCache corgi:https://registry.npmjs.org/react-markdown set size:undefined disposed:false
182 http fetch GET 200 https://registry.npmjs.org/next/-/next-16.0.7.tgz 3273ms (cache miss)
183 warn deprecated next@16.0.7: This version has a security vulnerability. Please upgrade to a patched version. See https://nextjs.org/blog/security-update-2025-12-11 for more details.
184 http fetch GET 200 https://registry.npmjs.org/@next/swc-darwin-arm64/-/swc-darwin-arm64-16.0.7.tgz 4945ms (cache miss)
185 silly CHANGE node_modules/next
186 silly REMOVE node_modules/gsap
187 silly CHANGE node_modules/eslint-config-next
188 silly CHANGE node_modules/@next/swc-win32-x64-msvc
189 silly CHANGE node_modules/@next/swc-win32-arm64-msvc
190 silly CHANGE node_modules/@next/swc-linux-x64-musl
191 silly CHANGE node_modules/@next/swc-linux-x64-gnu
192 silly CHANGE node_modules/@next/swc-linux-arm64-musl
193 silly CHANGE node_modules/@next/swc-linux-arm64-gnu
194 silly CHANGE node_modules/@next/swc-darwin-x64
195 silly CHANGE node_modules/@next/swc-darwin-arm64
196 silly CHANGE node_modules/@next/eslint-plugin-next
197 silly CHANGE node_modules/@next/env
198 verbose cwd /Users/dangunderson/dangunderson27/portfolio
199 verbose os Darwin 24.6.0
200 verbose node v24.8.0
201 verbose npm  v11.6.0
202 verbose exit 0
203 info ok
